<?xml version="1.0" encoding="UTF-8"?>
<!-- Generated by org.testng.reporters.JUnitXMLReporter -->
<testsuite ignored="4" hostname="KTLPT1144" failures="0" tests="1" name="Default test" time="57.643" errors="0" timestamp="2025-04-14T17:45:21 IST">
  <testcase classname="testCases.FormPageTest" name="FillForm" time="36.556"/>
  <testcase classname="testCases.FormPageTest" name="femaleGenderTest" time="0.0">
    <ignored/>
  </testcase> <!-- femaleGenderTest -->
  <testcase classname="testCases.FormPageTest" name="verifyAppTitle" time="0.0">
    <ignored/>
  </testcase> <!-- verifyAppTitle -->
  <testcase classname="testCases.FormPageTest" name="emptyNameFillForm" time="0.0">
    <ignored/>
  </testcase> <!-- emptyNameFillForm -->
  <testcase classname="testCases.FormPageTest" name="verifySubmitButtonEnable" time="0.0">
    <ignored/>
  </testcase> <!-- verifySubmitButtonEnable -->
</testsuite> <!-- Default test -->
