<?xml version="1.0" encoding="UTF-8"?>
<testng-results ignored="0" total="1" passed="1" failed="0" skipped="0">
  <reporter-output>
  </reporter-output>
  <suite started-at="2025-04-14T17:44:24 IST" name="Default suite" finished-at="2025-04-14T17:45:21 IST" duration-ms="57643">
    <groups>
      <group name="smoke">
        <method signature="FormPageTest.FillForm(java.util.HashMap)[pri:0, instance:testCases.FormPageTest@2bd08376]" name="FillForm" class="testCases.FormPageTest"/>
      </group> <!-- smoke -->
    </groups>
    <test started-at="2025-04-14T17:44:24 IST" name="Default test" finished-at="2025-04-14T17:45:21 IST" duration-ms="57643">
      <class name="testCases.FormPageTest">
        <test-method is-config="true" signature="ConfigureAppium()[pri:0, instance:testCases.FormPageTest@2bd08376]" started-at="2025-04-14T17:44:24 IST" name="ConfigureAppium" finished-at="2025-04-14T17:44:44 IST" duration-ms="19937" status="PASS">
          <reporter-output>
          </reporter-output>
        </test-method> <!-- ConfigureAppium -->
        <test-method signature="FillForm(java.util.HashMap)[pri:0, instance:testCases.FormPageTest@2bd08376]" started-at="2025-04-14T17:44:44 IST" name="FillForm" data-provider="userData" finished-at="2025-04-14T17:45:21 IST" duration-ms="36556" status="PASS">
          <params>
            <param index="0">
              <value>
                <![CDATA[{name=Raj, country=Austria, product=Converse All Star, genderFemale=Female, genderMale=Male}]]>
              </value>
            </param>
          </params>
          <reporter-output>
          </reporter-output>
        </test-method> <!-- FillForm -->
        <test-method is-config="true" signature="TearDownMethod()[pri:0, instance:testCases.FormPageTest@2bd08376]" started-at="2025-04-14T17:45:21 IST" name="TearDownMethod" finished-at="2025-04-14T17:45:21 IST" duration-ms="762" status="PASS">
          <reporter-output>
          </reporter-output>
        </test-method> <!-- TearDownMethod -->
      </class> <!-- testCases.FormPageTest -->
    </test> <!-- Default test -->
  </suite> <!-- Default suite -->
</testng-results>
